<?xml version="1.0" encoding="UTF-8"?>
<!-- Generated by org.testng.reporters.JUnitReportReporter -->
<testsuite hostname="DESKTOP-BVIPFMC" failures="0" tests="1" name="runner.CucumberRunnerTests" time="30.854" errors="0" timestamp="2025-02-14T12:36:31 IST" skipped="0">
  <testcase classname="runner.CucumberRunnerTests" name="runScenario" time="30.854"/>
  <system-out/>
</testsuite> <!-- runner.CucumberRunnerTests -->
